\BOOKMARK [1][-]{section.1}{\376\377\000I\000n\000t\000r\000o\000d\000u\000c\000t\000i\000o\000n}{}% 1
\BOOKMARK [2][-]{subsection.1.1}{\376\377\000C\000o\000m\000m\000o\000n\000\040\000w\000o\000r\000k\000f\000l\000o\000w}{section.1}% 2
\BOOKMARK [2][-]{subsection.1.2}{\376\377\000U\000n\000i\000t\000\040\000c\000o\000n\000v\000e\000n\000t\000i\000o\000n\000s}{section.1}% 3
\BOOKMARK [0][-]{part.1}{\376\377\000I\000\040\000F\000R\000E\000D\000-\000R\000O\000D}{}% 4
\BOOKMARK [1][-]{section.2}{\376\377\000R\000e\000c\000o\000m\000m\000e\000n\000d\000e\000d\000\040\000E\000x\000a\000m\000p\000l\000e\000\040\000O\000r\000d\000e\000r}{part.1}% 5
\BOOKMARK [1][-]{section.3}{\376\377\000E\000x\000a\000m\000p\000l\000e\000\040\0001\000:\000\040\000H\000e\000a\000t\000\040\000C\000o\000n\000d\000u\000c\000t\000i\000o\000n\000\040\000O\000n\000l\000y}{part.1}% 6
\BOOKMARK [1][-]{section.4}{\376\377\000E\000x\000a\000m\000p\000l\000e\000\040\0002\000:\000\040\000S\000t\000r\000e\000s\000s\000-\000S\000t\000r\000a\000i\000n\000\040\000O\000n\000l\000y}{part.1}% 7
\BOOKMARK [1][-]{section.5}{\376\377\000E\000x\000a\000m\000p\000l\000e\000\040\0003\000:\000\040\000H\000e\000a\000t\000\040\000C\000o\000n\000d\000u\000c\000t\000i\000o\000n\000\040\000+\000\040\000S\000t\000r\000e\000s\000s\000-\000S\000t\000r\000a\000i\000n}{part.1}% 8
\BOOKMARK [1][-]{section.6}{\376\377\000E\000x\000a\000m\000p\000l\000e\000\040\0004\000:\000\040\000G\000a\000p\000\040\000C\000l\000o\000s\000e\000\040\000a\000n\000d\000\040\000R\000e\000o\000p\000e\000n}{part.1}% 9
\BOOKMARK [1][-]{section.7}{\376\377\000E\000x\000a\000m\000p\000l\000e\000\040\0005\000:\000\040\000H\000o\000t\000\040\000S\000t\000a\000r\000t\000\040\000v\000s\000\040\000C\000o\000l\000d\000\040\000S\000t\000a\000r\000t}{part.1}% 10
\BOOKMARK [1][-]{section.8}{\376\377\000E\000x\000a\000m\000p\000l\000e\000\040\0006\000:\000\040\000H\000D\000F\0005\000\040\000O\000u\000t\000p\000u\000t}{part.1}% 11
\BOOKMARK [1][-]{section.9}{\376\377\000E\000x\000a\000m\000p\000l\000e\000\040\0007\000:\000\040\000R\000e\000s\000t\000a\000r\000t\000\040\000a\000n\000d\000\040\000S\000n\000a\000p\000s\000h\000o\000t}{part.1}% 12
\BOOKMARK [1][-]{section.10}{\376\377\000E\000x\000a\000m\000p\000l\000e\000\040\0008\000:\000\040\000P\000y\000t\000h\000o\000n\000-\000D\000e\000f\000i\000n\000e\000d\000\040\000C\000u\000s\000t\000o\000m\000\040\000M\000a\000t\000e\000r\000i\000a\000l\000s}{part.1}% 13
\BOOKMARK [2][-]{subsection.10.1}{\376\377\000S\000u\000b\000c\000l\000a\000s\000s\000i\000n\000g\000\040\000F\000u\000e\000l\000P\000e\000l\000l\000e\000t\000M\000a\000t\000e\000r\000i\000a\000l}{section.10}% 14
\BOOKMARK [2][-]{subsection.10.2}{\376\377\000S\000u\000b\000c\000l\000a\000s\000s\000i\000n\000g\000\040\000C\000l\000a\000d\000d\000i\000n\000g\000M\000a\000t\000e\000r\000i\000a\000l}{section.10}% 15
\BOOKMARK [2][-]{subsection.10.3}{\376\377\000R\000e\000q\000u\000i\000r\000e\000d\000\040\000a\000b\000s\000t\000r\000a\000c\000t\000\040\000m\000e\000t\000h\000o\000d\000s}{section.10}% 16
\BOOKMARK [2][-]{subsection.10.4}{\376\377\000U\000s\000i\000n\000g\000\040\000t\000h\000e\000\040\000c\000u\000s\000t\000o\000m\000\040\000m\000a\000t\000e\000r\000i\000a\000l\000s\000\040\000i\000n\000\040\000a\000\040\000s\000i\000m\000u\000l\000a\000t\000i\000o\000n}{section.10}% 17
\BOOKMARK [2][-]{subsection.10.5}{\376\377\000V\000e\000r\000i\000f\000y\000i\000n\000g\000\040\000y\000o\000u\000r\000\040\000m\000a\000t\000e\000r\000i\000a\000l\000\040\000w\000i\000t\000h\000\040\000t\000h\000e\000\040\000b\000u\000i\000l\000t\000-\000i\000n\000\040\000A\000P\000I}{section.10}% 18
\BOOKMARK [1][-]{section.11}{\376\377\000E\000x\000a\000m\000p\000l\000e\000\040\0009\000:\000\040\000A\000d\000v\000a\000n\000c\000e\000d\000\040\000P\000r\000o\000t\000o\000t\000y\000p\000i\000n\000g\000\040\040\024\000\040\000P\000y\000t\000h\000o\000n\000\040\000t\000o\000\040\000C\000+\000+}{part.1}% 19
\BOOKMARK [2][-]{subsection.11.1}{\376\377\000P\000h\000y\000s\000i\000c\000s\000:\000\040\000f\000i\000s\000s\000i\000o\000n\000\040\000g\000a\000s\000\040\000r\000e\000l\000e\000a\000s\000e\000\040\000a\000n\000d\000\040\000g\000a\000p\000\040\000c\000o\000n\000d\000u\000c\000t\000i\000v\000i\000t\000y}{section.11}% 20
\BOOKMARK [2][-]{subsection.11.2}{\376\377\000S\000t\000e\000p\000\040\0001\000:\000\040\000P\000y\000t\000h\000o\000n\000\040\000p\000r\000o\000t\000o\000t\000y\000p\000e\000\040\000\050\000r\000u\000n\000\137\000p\000y\000t\000h\000o\000n\000.\000p\000y\000\051}{section.11}% 21
\BOOKMARK [2][-]{subsection.11.3}{\376\377\000S\000t\000e\000p\000\040\0002\000:\000\040\000C\000o\000m\000p\000i\000l\000e\000d\000\040\000C\000+\000+\000\040\000e\000q\000u\000i\000v\000a\000l\000e\000n\000t\000\040\000\050\000r\000u\000n\000\137\000c\000p\000p\000.\000p\000y\000\051}{section.11}% 22
\BOOKMARK [2][-]{subsection.11.4}{\376\377\000A\000d\000d\000i\000n\000g\000\040\000y\000o\000u\000r\000\040\000o\000w\000n\000\040\000c\000o\000m\000p\000i\000l\000e\000d\000\040\000g\000a\000p\000\040\000m\000a\000t\000e\000r\000i\000a\000l}{section.11}% 23
\BOOKMARK [1][-]{section.12}{\376\377\000F\000R\000E\000D\000-\000R\000O\000D\000\040\000A\000P\000I\000\040\000R\000e\000f\000e\000r\000e\000n\000c\000e}{part.1}% 24
\BOOKMARK [2][-]{subsection.12.1}{\376\377\000G\000e\000o\000m\000e\000t\000r\000y\000:\000\040\000F\000u\000e\000l\000R\000o\000d\000G\000e\000o\000m\000e\000t\000r\000y}{section.12}% 25
\BOOKMARK [2][-]{subsection.12.2}{\376\377\000B\000u\000i\000l\000t\000-\000i\000n\000\040\000m\000a\000t\000e\000r\000i\000a\000l\000s}{section.12}% 26
\BOOKMARK [2][-]{subsection.12.3}{\376\377\000S\000o\000l\000v\000e\000r\000\040\000m\000e\000t\000h\000o\000d\000s\000:\000\040\000F\000r\000e\000d\000R\000o\000d\000S\000o\000l\000v\000e\000r}{section.12}% 27
\BOOKMARK [1][-]{section.13}{\376\377\000F\000R\000E\000D\000-\000R\000O\000D\000\040\000T\000r\000o\000u\000b\000l\000e\000s\000h\000o\000o\000t\000i\000n\000g}{part.1}% 28
\BOOKMARK [0][-]{part.2}{\376\377\000I\000I\000\040\000F\000R\000E\000D\000-\000O\000X}{}% 29
\BOOKMARK [1][-]{section.14}{\376\377\000R\000e\000c\000o\000m\000m\000e\000n\000d\000e\000d\000\040\000E\000x\000a\000m\000p\000l\000e\000\040\000O\000r\000d\000e\000r}{part.2}% 30
\BOOKMARK [1][-]{section.15}{\376\377\000E\000x\000a\000m\000p\000l\000e\000\040\000O\000X\000-\0001\000:\000\040\000B\000a\000s\000e\000\040\000I\000r\000r\000a\000d\000i\000a\000t\000i\000o\000n}{part.2}% 31
\BOOKMARK [1][-]{section.16}{\376\377\000E\000x\000a\000m\000p\000l\000e\000\040\000O\000X\000-\0002\000:\000\040\000H\000o\000t\000\040\000S\000t\000a\000r\000t\000\040\000v\000s\000\040\000C\000o\000l\000d\000\040\000S\000t\000a\000r\000t}{part.2}% 32
\BOOKMARK [1][-]{section.17}{\376\377\000E\000x\000a\000m\000p\000l\000e\000\040\000O\000X\000-\0003\000:\000\040\000H\000D\000F\0005\000\040\000O\000u\000t\000p\000u\000t}{part.2}% 33
\BOOKMARK [1][-]{section.18}{\376\377\000E\000x\000a\000m\000p\000l\000e\000\040\000O\000X\000-\0004\000:\000\040\000R\000e\000s\000t\000a\000r\000t\000\040\000\050\000C\000h\000e\000c\000k\000p\000o\000i\000n\000t\000\051}{part.2}% 34
\BOOKMARK [1][-]{section.19}{\376\377\000E\000x\000a\000m\000p\000l\000e\000\040\000O\000X\000-\0005\000:\000\040\000R\000e\000s\000t\000a\000r\000t\000\040\000a\000n\000d\000\040\000S\000n\000a\000p\000s\000h\000o\000t}{part.2}% 35
\BOOKMARK [1][-]{section.20}{\376\377\000E\000x\000a\000m\000p\000l\000e\000\040\000O\000X\000-\0006\000:\000\040\000E\000S\000F\000R\000\040\000P\000i\000n\000\040\040\024\000\040\000B\000a\000s\000e\000\040\000I\000r\000r\000a\000d\000i\000a\000t\000i\000o\000n\000\040\000a\000n\000d\000\040\000T\000r\000a\000n\000s\000i\000e\000n\000t\000s}{part.2}% 36
\BOOKMARK [2][-]{subsection.20.1}{\376\377\000b\000a\000s\000e\000\137\000i\000r\000r\000a\000d\000i\000a\000t\000i\000o\000n\000:\000\040\0006\0000\0000\000-\000d\000a\000y\000\040\000b\000e\000n\000c\000h\000m\000a\000r\000k}{section.20}% 37
\BOOKMARK [2][-]{subsection.20.2}{\376\377\000U\000L\000O\000F\000\137\000t\000r\000a\000n\000s\000i\000e\000n\000t\000:\000\040\000U\000n\000p\000r\000o\000t\000e\000c\000t\000e\000d\000\040\000L\000o\000s\000s\000\040\000o\000f\000\040\000F\000l\000o\000w\000\040\000\050\0004\0003\000\040\000s\000\051}{section.20}% 38
\BOOKMARK [2][-]{subsection.20.3}{\376\377\000U\000T\000O\000P\000\137\000t\000r\000a\000n\000s\000i\000e\000n\000t\000:\000\040\000U\000n\000p\000r\000o\000t\000e\000c\000t\000e\000d\000\040\000T\000r\000a\000n\000s\000i\000e\000n\000t\000\040\000O\000v\000e\000r\000-\000P\000o\000w\000e\000r\000\040\000\050\0001\0000\0000\0000\000\040\000s\000\051}{section.20}% 39
\BOOKMARK [1][-]{section.21}{\376\377\000F\000R\000E\000D\000-\000O\000X\000\040\000A\000P\000I\000\040\000R\000e\000f\000e\000r\000e\000n\000c\000e}{part.2}% 40
\BOOKMARK [2][-]{subsection.21.1}{\376\377\000M\000a\000t\000e\000r\000i\000a\000l\000s}{section.21}% 41
\BOOKMARK [2][-]{subsection.21.2}{\376\377\000S\000o\000l\000v\000e\000r\000\040\000m\000e\000t\000h\000o\000d\000s\000:\000\040\000F\000r\000e\000d\000O\000x\000S\000o\000l\000v\000e\000r\000\040\040\024\000\040\000a\000d\000d\000i\000t\000i\000o\000n\000s\000\040\000o\000v\000e\000r\000\040\000F\000r\000e\000d\000R\000o\000d\000S\000o\000l\000v\000e\000r}{section.21}% 42
\BOOKMARK [1][-]{section.22}{\376\377\000F\000R\000E\000D\000-\000O\000X\000\040\000T\000r\000o\000u\000b\000l\000e\000s\000h\000o\000o\000t\000i\000n\000g}{part.2}% 43
\BOOKMARK [1][-]{section.23}{\376\377\000B\000e\000y\000o\000n\000d\000\040\000F\000R\000E\000D\000-\000R\000O\000D\000\040\000a\000n\000d\000\040\000F\000R\000E\000D\000-\000O\000X\000:\000\040\000F\000R\000E\000D\000-\000M\000-\000N\000a}{part.2}% 44
