\BOOKMARK [1][-]{section.1}{\376\377\000I\000n\000t\000r\000o\000d\000u\000c\000t\000i\000o\000n}{}% 1
\BOOKMARK [2][-]{subsection.1.1}{\376\377\000M\000o\000t\000i\000v\000a\000t\000i\000o\000n\000\040\000f\000o\000r\000\040\000F\000u\000e\000l\000\040\000P\000e\000r\000f\000o\000r\000m\000a\000n\000c\000e\000\040\000M\000o\000d\000e\000l\000l\000i\000n\000g}{section.1}% 2
\BOOKMARK [2][-]{subsection.1.2}{\376\377\000O\000v\000e\000r\000v\000i\000e\000w\000\040\000o\000f\000\040\000F\000R\000E\000D\000\040\0002\000.\0000}{section.1}% 3
\BOOKMARK [2][-]{subsection.1.3}{\376\377\000G\000e\000o\000m\000e\000t\000r\000y\000\040\000a\000n\000d\000\040\000C\000o\000o\000r\000d\000i\000n\000a\000t\000e\000\040\000S\000y\000s\000t\000e\000m}{section.1}% 4
\BOOKMARK [2][-]{subsection.1.4}{\376\377\000G\000o\000v\000e\000r\000n\000i\000n\000g\000\040\000V\000a\000r\000i\000a\000b\000l\000e\000s}{section.1}% 5
\BOOKMARK [1][-]{section.2}{\376\377\000T\000h\000e\000r\000m\000a\000l\000\040\000C\000o\000n\000d\000u\000c\000t\000i\000o\000n\000\040\000a\000n\000d\000\040\000S\000t\000r\000e\000s\000s\000-\000S\000t\000r\000a\000i\000n}{}% 6
\BOOKMARK [2][-]{subsection.2.1}{\376\377\000G\000a\000p\000\040\000P\000r\000e\000s\000s\000u\000r\000e}{section.2}% 7
\BOOKMARK [3][-]{subsubsection.2.1.1}{\376\377\000P\000r\000e\000s\000c\000r\000i\000b\000e\000d\000\040\000T\000i\000m\000e\000-\000d\000e\000p\000e\000n\000d\000e\000n\000t\000\040\000G\000a\000p\000\040\000P\000r\000e\000s\000s\000u\000r\000e}{subsection.2.1}% 8
\BOOKMARK [3][-]{subsubsection.2.1.2}{\376\377\000G\000a\000s\000\040\000B\000o\000n\000d\000\040\000P\000r\000e\000s\000s\000u\000r\000e}{subsection.2.1}% 9
\BOOKMARK [2][-]{subsection.2.2}{\376\377\000T\000h\000e\000r\000m\000a\000l\000\040\000C\000o\000n\000d\000u\000c\000t\000i\000o\000n}{section.2}% 10
\BOOKMARK [3][-]{subsubsection.2.2.1}{\376\377\000D\000i\000f\000f\000e\000r\000e\000n\000t\000i\000a\000l\000\040\000F\000o\000r\000m}{subsection.2.2}% 11
\BOOKMARK [3][-]{subsubsection.2.2.2}{\376\377\000G\000a\000p\000\040\000C\000o\000n\000d\000u\000c\000t\000a\000n\000c\000e\000\040\000M\000o\000d\000e\000l}{subsection.2.2}% 12
\BOOKMARK [3][-]{subsubsection.2.2.3}{\376\377\000F\000i\000n\000i\000t\000e\000-\000V\000o\000l\000u\000m\000e\000\040\000D\000i\000s\000c\000r\000e\000t\000i\000z\000a\000t\000i\000o\000n}{subsection.2.2}% 13
\BOOKMARK [2][-]{subsection.2.3}{\376\377\000S\000t\000r\000e\000s\000s\000-\000S\000t\000r\000a\000i\000n}{section.2}% 14
\BOOKMARK [3][-]{subsubsection.2.3.1}{\376\377\000D\000i\000f\000f\000e\000r\000e\000n\000t\000i\000a\000l\000\040\000F\000o\000r\000m}{subsection.2.3}% 15
\BOOKMARK [3][-]{subsubsection.2.3.2}{\376\377\000F\000i\000n\000i\000t\000e\000-\000V\000o\000l\000u\000m\000e\000\040\000D\000i\000s\000c\000r\000e\000t\000i\000z\000a\000t\000i\000o\000n}{subsection.2.3}% 16
\BOOKMARK [1][-]{section.3}{\376\377\000T\000i\000m\000e\000\040\000I\000n\000t\000e\000g\000r\000a\000t\000i\000o\000n\000:\000\040\000S\000U\000N\000D\000I\000A\000L\000S\000\040\000I\000D\000A\000\040\000S\000o\000l\000v\000e\000r}{}% 17
\BOOKMARK [2][-]{subsection.3.1}{\376\377\000D\000i\000f\000f\000e\000r\000e\000n\000t\000i\000a\000l\000-\000A\000l\000g\000e\000b\000r\000a\000i\000c\000\040\000F\000o\000r\000m\000u\000l\000a\000t\000i\000o\000n}{section.3}% 18
\BOOKMARK [3][-]{subsubsection.3.1.1}{\376\377\000R\000e\000s\000i\000d\000u\000a\000l\000\040\000F\000o\000r\000m}{subsection.3.1}% 19
\BOOKMARK [2][-]{subsection.3.2}{\376\377\000T\000h\000e\000\040\000I\000D\000A\000\040\000A\000l\000g\000o\000r\000i\000t\000h\000m}{section.3}% 20
\BOOKMARK [3][-]{subsubsection.3.2.1}{\376\377\000B\000a\000c\000k\000w\000a\000r\000d\000\040\000D\000i\000f\000f\000e\000r\000e\000n\000t\000i\000a\000t\000i\000o\000n\000\040\000F\000o\000r\000m\000u\000l\000a}{subsection.3.2}% 21
\BOOKMARK [3][-]{subsubsection.3.2.2}{\376\377\000P\000r\000e\000d\000i\000c\000t\000o\000r\040\023\000C\000o\000r\000r\000e\000c\000t\000o\000r\000\040\000C\000y\000c\000l\000e}{subsection.3.2}% 22
\BOOKMARK [3][-]{subsubsection.3.2.3}{\376\377\000S\000t\000e\000p\000-\000S\000i\000z\000e\000\040\000a\000n\000d\000\040\000O\000r\000d\000e\000r\000\040\000C\000o\000n\000t\000r\000o\000l}{subsection.3.2}% 23
\BOOKMARK [2][-]{subsection.3.3}{\376\377\000R\000o\000o\000t\000-\000F\000i\000n\000d\000i\000n\000g\000\040\000a\000n\000d\000\040\000S\000o\000l\000v\000e\000r\000\040\000R\000e\000s\000t\000a\000r\000t\000s}{section.3}% 24
\BOOKMARK [2][-]{subsection.3.4}{\376\377\000C\000o\000n\000s\000i\000s\000t\000e\000n\000t\000\040\000I\000n\000i\000t\000i\000a\000l\000\040\000C\000o\000n\000d\000i\000t\000i\000o\000n\000s}{section.3}% 25
\BOOKMARK [2][-]{subsection.3.5}{\376\377\000G\000a\000p\000\040\000E\000v\000e\000n\000t\000\040\000D\000e\000t\000e\000c\000t\000i\000o\000n\000\040\000a\000n\000d\000\040\000S\000t\000r\000u\000c\000t\000u\000r\000a\000l\000\040\000R\000e\000s\000t\000a\000r\000t}{section.3}% 26
\BOOKMARK [3][-]{subsubsection.3.5.1}{\376\377\000R\000o\000o\000t\000-\000F\000i\000n\000d\000i\000n\000g\000\040\000f\000o\000r\000\040\000C\000o\000n\000t\000a\000c\000t\000-\000S\000t\000a\000t\000e\000\040\000T\000r\000a\000n\000s\000i\000t\000i\000o\000n\000s}{subsection.3.5}% 27
\BOOKMARK [3][-]{subsubsection.3.5.2}{\376\377\000F\000i\000x\000e\000d\000-\000T\000i\000m\000e\000\040\000F\000o\000r\000c\000i\000n\000g\000\040\000R\000o\000o\000t\000s}{subsection.3.5}% 28
\BOOKMARK [3][-]{subsubsection.3.5.3}{\376\377\000S\000t\000r\000u\000c\000t\000u\000r\000a\000l\000\040\000R\000e\000s\000t\000a\000r\000t\000\040\000A\000f\000t\000e\000r\000\040\000a\000n\000\040\000E\000v\000e\000n\000t}{subsection.3.5}% 29
\BOOKMARK [2][-]{subsection.3.6}{\376\377\000T\000o\000l\000e\000r\000a\000n\000c\000e\000s}{section.3}% 30
\BOOKMARK [2][-]{subsection.3.7}{\376\377\000E\000r\000r\000o\000r\000\040\000D\000i\000a\000g\000n\000o\000s\000i\000s\000\040\000a\000n\000d\000\040\000T\000r\000o\000u\000b\000l\000e\000s\000h\000o\000o\000t\000i\000n\000g}{section.3}% 31
\BOOKMARK [3][-]{subsubsection.3.7.1}{\376\377\000R\000e\000t\000u\000r\000n\000\040\000C\000o\000d\000e\000s\000\040\000f\000r\000o\000m\000\040\000I\000D\000A\000S\000o\000l\000v\000e}{subsection.3.7}% 32
\BOOKMARK [3][-]{subsubsection.3.7.2}{\376\377\000I\000D\000A\000\137\000E\000R\000R\000\137\000F\000A\000I\000L\000\040\000\050\000r\000e\000t\000v\000a\000l\000\040\000=\000\040\000-\0003\000\051\000:\000\040\000E\000r\000r\000o\000r\000\040\000T\000e\000s\000t\000\040\000F\000a\000i\000l\000u\000r\000e}{subsection.3.7}% 33
\BOOKMARK [3][-]{subsubsection.3.7.3}{\376\377\000I\000D\000A\000\137\000T\000O\000O\000\137\000M\000U\000C\000H\000\137\000W\000O\000R\000K\000\040\000\050\000r\000e\000t\000v\000a\000l\000\040\000=\000\040\000-\0001\000\051\000:\000\040\000S\000t\000e\000p\000\040\000L\000i\000m\000i\000t\000\040\000E\000x\000c\000e\000e\000d\000e\000d}{subsection.3.7}% 34
\BOOKMARK [3][-]{subsubsection.3.7.4}{\376\377\000I\000D\000A\000\137\000C\000O\000N\000V\000\137\000F\000A\000I\000L\000\040\000\050\000r\000e\000t\000v\000a\000l\000\040\000=\000\040\000-\0004\000\051\000:\000\040\000N\000e\000w\000t\000o\000n\000\040\000C\000o\000n\000v\000e\000r\000g\000e\000n\000c\000e\000\040\000F\000a\000i\000l\000u\000r\000e}{subsection.3.7}% 35
\BOOKMARK [3][-]{subsubsection.3.7.5}{\376\377\000I\000D\000A\000\137\000L\000S\000O\000L\000V\000E\000\137\000F\000A\000I\000L\000\040\000\050\000r\000e\000t\000v\000a\000l\000\040\000=\000\040\000-\0007\000\051\000:\000\040\000L\000i\000n\000e\000a\000r\000\040\000S\000o\000l\000v\000e\000r\000\040\000F\000a\000i\000l\000u\000r\000e}{subsection.3.7}% 36
\BOOKMARK [3][-]{subsubsection.3.7.6}{\376\377\000I\000D\000A\000\137\000T\000O\000O\000\137\000M\000U\000C\000H\000\137\000A\000C\000C\000\040\000\050\000r\000e\000t\000v\000a\000l\000\040\000=\000\040\000-\0002\000\051\000:\000\040\000A\000c\000c\000u\000r\000a\000c\000y\000\040\000N\000o\000t\000\040\000A\000c\000h\000i\000e\000v\000a\000b\000l\000e}{subsection.3.7}% 37
\BOOKMARK [1][-]{section.4}{\376\377\000I\000n\000t\000r\000o\000d\000u\000c\000t\000i\000o\000n}{}% 38
\BOOKMARK [1][-]{section.5}{\376\377\000B\000a\000s\000e\000\040\000I\000r\000r\000a\000d\000i\000a\000t\000i\000o\000n\000\040\000P\000h\000y\000s\000i\000c\000s\000:\000\040\000M\000O\000X\000\040\000F\000u\000e\000l\000\040\000a\000n\000d\000\040\000C\000l\000a\000d\000d\000i\000n\000g\000\040\000\050\000F\000R\000E\000D\000-\000O\000X\000\051}{}% 39
\BOOKMARK [2][-]{subsection.5.1}{\376\377\000M\000O\000X\000\040\000f\000u\000e\000l\000\040\000t\000h\000e\000r\000m\000a\000l\000\040\000p\000r\000o\000p\000e\000r\000t\000i\000e\000s}{section.5}% 40
\BOOKMARK [2][-]{subsection.5.2}{\376\377\000B\000u\000r\000n\000u\000p\000\040\000E\000v\000o\000l\000u\000t\000i\000o\000n}{section.5}% 41
\BOOKMARK [2][-]{subsection.5.3}{\376\377\000F\000i\000s\000s\000i\000o\000n\000\040\000G\000a\000s\000\040\000G\000e\000n\000e\000r\000a\000t\000i\000o\000n\000\040\000a\000n\000d\000\040\000R\000e\000l\000e\000a\000s\000e\000\040\000\050\000W\000a\000l\000t\000a\000r\000-\000R\000e\000y\000n\000o\000l\000d\000s\000\040\000M\000o\000d\000e\000l\000\051}{section.5}% 42
\BOOKMARK [3][-]{subsubsection.5.3.1}{\376\377\000F\000i\000s\000s\000i\000o\000n\000\040\000G\000a\000s\000\040\000G\000e\000n\000e\000r\000a\000t\000i\000o\000n}{subsection.5.3}% 43
\BOOKMARK [3][-]{subsubsection.5.3.2}{\376\377\000F\000i\000s\000s\000i\000o\000n\000\040\000G\000a\000s\000\040\000R\000e\000l\000e\000a\000s\000e}{subsection.5.3}% 44
\BOOKMARK [2][-]{subsection.5.4}{\376\377\000I\000n\000t\000e\000r\000n\000a\000l\000\040\000G\000a\000s\000\040\000P\000r\000e\000s\000s\000u\000r\000e}{section.5}% 45
\BOOKMARK [2][-]{subsection.5.5}{\376\377\000G\000a\000p\000\040\000C\000o\000n\000d\000u\000c\000t\000a\000n\000c\000e\000\040\000w\000i\000t\000h\000\040\000F\000i\000s\000s\000i\000o\000n\000\040\000G\000a\000s\000\040\000M\000i\000x\000t\000u\000r\000e}{section.5}% 46
\BOOKMARK [2][-]{subsection.5.6}{\376\377\000F\000u\000e\000l\000\040\000S\000w\000e\000l\000l\000i\000n\000g\000\040\000\050\000M\000A\000T\000P\000R\000O\000\040\000M\000o\000d\000e\000l\000\051}{section.5}% 47
\BOOKMARK [2][-]{subsection.5.7}{\376\377\000M\000O\000X\000\040\000T\000h\000e\000r\000m\000a\000l\000\040\000C\000o\000n\000d\000u\000c\000t\000i\000v\000i\000t\000y\000\040\000\050\000P\000h\000i\000l\000i\000p\000p\000o\000n\000n\000e\000a\000u\000\040\0001\0009\0009\0002\000\051}{section.5}% 48
\BOOKMARK [2][-]{subsection.5.8}{\376\377\000C\000l\000a\000d\000d\000i\000n\000g\000:\000\040\000A\000I\000M\0001\000\040\000S\000t\000e\000e\000l\000\040\000w\000i\000t\000h\000\040\000I\000r\000r\000a\000d\000i\000a\000t\000i\000o\000n\000\040\000C\000r\000e\000e\000p}{section.5}% 49
\BOOKMARK [1][-]{section.6}{\376\377\000M\000e\000t\000a\000l\000l\000i\000c\000\040\000F\000u\000e\000l\000\040\000i\000n\000\040\000S\000o\000d\000i\000u\000m\000\040\000\050\000F\000R\000E\000D\000-\000M\000-\000N\000a\000\051}{}% 50
\BOOKMARK [2][-]{subsection.6.1}{\376\377\000T\000i\000m\000e\000\040\000I\000n\000t\000e\000g\000r\000a\000t\000i\000o\000n\000:\000\040\000F\000i\000x\000e\000d\000-\000S\000t\000e\000p\000\040\000B\000a\000c\000k\000w\000a\000r\000d\000\040\000E\000u\000l\000e\000r\000\040\000w\000i\000t\000h\000\040\000E\000x\000p\000l\000i\000c\000i\000t\000\040\000I\000r\000r\000a\000d\000i\000a\000t\000i\000o\000n\000-\000P\000h\000y\000s\000i\000c\000s\000\040\000C\000o\000u\000p\000l\000i\000n\000g}{section.6}% 51
\BOOKMARK [3][-]{subsubsection.6.1.1}{\376\377\000I\000m\000p\000l\000i\000c\000i\000t\000\040\000b\000a\000c\000k\000w\000a\000r\000d\000-\000E\000u\000l\000e\000r\000\040\000s\000o\000l\000v\000e\000\040\000f\000o\000r\000\040\000t\000h\000e\000\040\000p\000r\000i\000m\000a\000r\000y\000\040\000D\000A\000E\000\040\000u\000n\000k\000n\000o\000w\000n\000s}{subsection.6.1}% 52
\BOOKMARK [3][-]{subsubsection.6.1.2}{\376\377\000E\000x\000p\000l\000i\000c\000i\000t\000\040\000f\000o\000r\000w\000a\000r\000d\000-\000E\000u\000l\000e\000r\000\040\000u\000p\000d\000a\000t\000e\000\040\000f\000o\000r\000\040\000i\000r\000r\000a\000d\000i\000a\000t\000i\000o\000n\000\040\000p\000h\000y\000s\000i\000c\000s}{subsection.6.1}% 53
\BOOKMARK [3][-]{subsubsection.6.1.3}{\376\377\000G\000a\000p\000-\000s\000t\000a\000t\000e\000\040\000d\000e\000t\000e\000c\000t\000i\000o\000n\000\040\000w\000i\000t\000h\000o\000u\000t\000\040\000a\000\040\000r\000o\000o\000t\000-\000f\000i\000n\000d\000e\000r}{subsection.6.1}% 54
\BOOKMARK [2][-]{subsection.6.2}{\376\377\000U\000-\000P\000u\000-\000Z\000r\000\040\000P\000h\000a\000s\000e\000\040\000D\000i\000a\000g\000r\000a\000m}{section.6}% 55
\BOOKMARK [2][-]{subsection.6.3}{\376\377\000U\000-\000P\000u\000-\000Z\000r\000\040\000T\000h\000e\000r\000m\000a\000l\000\040\000C\000o\000n\000d\000u\000c\000t\000i\000v\000i\000t\000y}{section.6}% 56
\BOOKMARK [3][-]{subsubsection.6.3.1}{\376\377\000F\000r\000e\000s\000h\000\040\000F\000u\000e\000l\000\040\000\050\000A\000y\000d\000i\000n\000/\000K\000a\000r\000a\000h\000a\000n\000\040\0002\0000\0000\0009\000\051}{subsection.6.3}% 57
\BOOKMARK [3][-]{subsubsection.6.3.2}{\376\377\000I\000r\000r\000a\000d\000i\000a\000t\000i\000o\000n\000-\000C\000o\000r\000r\000e\000c\000t\000e\000d\000\040\000C\000o\000n\000d\000u\000c\000t\000i\000v\000i\000t\000y\000\040\000\050\000w\000i\000t\000h\000\040\000N\000a\000\040\000I\000n\000f\000i\000l\000t\000r\000a\000t\000i\000o\000n\000\051}{subsection.6.3}% 58
\BOOKMARK [3][-]{subsubsection.6.3.3}{\376\377\000E\000m\000p\000i\000r\000i\000c\000a\000l\000\040\000B\000u\000r\000n\000u\000p\000\040\000C\000o\000r\000r\000e\000c\000t\000i\000o\000n\000\040\000\050\000K\000a\000r\000a\000h\000a\000n\000\040\0002\0000\0000\0009\000\051}{subsection.6.3}% 59
\BOOKMARK [2][-]{subsection.6.4}{\376\377\000S\000o\000d\000i\000u\000m\000\040\000I\000n\000f\000i\000l\000t\000r\000a\000t\000i\000o\000n}{section.6}% 60
\BOOKMARK [2][-]{subsection.6.5}{\376\377\000G\000a\000p\000\040\000C\000o\000n\000d\000u\000c\000t\000a\000n\000c\000e\000\040\000S\000p\000e\000c\000i\000a\000l\000i\000z\000a\000t\000i\000o\000n\000\040\000i\000n\000\040\000F\000R\000E\000D\000-\000M\000-\000N\000a}{section.6}% 61
\BOOKMARK [2][-]{subsection.6.6}{\376\377\000Z\000i\000r\000c\000o\000n\000i\000u\000m\000\040\000R\000e\000d\000i\000s\000t\000r\000i\000b\000u\000t\000i\000o\000n}{section.6}% 62
\BOOKMARK [2][-]{subsection.6.7}{\376\377\000F\000u\000e\000l\000\040\000S\000w\000e\000l\000l\000i\000n\000g\000:\000\040\000S\000o\000l\000i\000d\000\040\000F\000i\000s\000s\000i\000o\000n\000\040\000P\000r\000o\000d\000u\000c\000t\000s}{section.6}% 63
\BOOKMARK [2][-]{subsection.6.8}{\376\377\000G\000a\000p\000-\000C\000o\000n\000t\000a\000c\000t\000\040\000S\000t\000a\000t\000e\000s\000\040\000a\000n\000d\000\040\000A\000n\000i\000s\000o\000t\000r\000o\000p\000i\000c\000\040\000S\000w\000e\000l\000l\000i\000n\000g\000\040\000\050\000o\000p\000e\000n\000/\000s\000o\000f\000t\000/\000c\000l\000o\000s\000\051}{section.6}% 64
\BOOKMARK [2][-]{subsection.6.9}{\376\377\000F\000i\000s\000s\000i\000o\000n\000\040\000G\000a\000s\000\040\000R\000e\000l\000e\000a\000s\000e\000\040\000\050\000K\000a\000r\000a\000h\000a\000n\000\040\000E\000m\000p\000i\000r\000i\000c\000a\000l\000\040\000M\000o\000d\000e\000l\000\051}{section.6}% 65
\BOOKMARK [2][-]{subsection.6.10}{\376\377\000C\000l\000a\000d\000d\000i\000n\000g\000\040\000W\000a\000s\000t\000a\000g\000e\000\040\000b\000y\000\040\000L\000a\000n\000t\000h\000a\000n\000i\000d\000e\000\040\000A\000t\000t\000a\000c\000k}{section.6}% 66
\BOOKMARK [2][-]{subsection.6.11}{\376\377\000H\000T\000-\0009\000\040\000C\000l\000a\000d\000d\000i\000n\000g\000\040\000M\000a\000t\000e\000r\000i\000a\000l}{section.6}% 67
\BOOKMARK [2][-]{subsection.6.12}{\376\377\000S\000o\000d\000i\000u\000m\000\040\000S\000u\000b\000-\000C\000h\000a\000n\000n\000e\000l\000\040\000C\000o\000o\000l\000a\000n\000t\000\040\000M\000o\000d\000e\000l}{section.6}% 68
\BOOKMARK [3][-]{subsubsection.6.12.1}{\376\377\000A\000x\000i\000a\000l\000\040\000C\000o\000o\000l\000a\000n\000t\000\040\000E\000n\000e\000r\000g\000y\000\040\000B\000a\000l\000a\000n\000c\000e}{subsection.6.12}% 69
\BOOKMARK [3][-]{subsubsection.6.12.2}{\376\377\000C\000l\000a\000d\000d\000i\000n\000g\000-\000t\000o\000-\000C\000o\000o\000l\000a\000n\000t\000\040\000H\000T\000C\000\040\000C\000o\000r\000r\000e\000l\000a\000t\000i\000o\000n\000s}{subsection.6.12}% 70
